Using pre-set license
Built from '2021.3/staging' branch; Version is '2021.3.8f1 (b30333d56e81) revision 11731763'; Using compiler version '192829333'; Build Type 'Release'
OS: 'Windows 10  (10.0.19043) 64bit Core' Language: 'nl' Physical Memory: 16234 MB
BatchMode: 1, IsHumanControllingUs: 0, StartBugReporterOnCrash: 0, Is64bit: 1, IsPro: 1

COMMAND LINE ARGUMENTS:
C:\Program Files\Unity\Hub\Editor\2021.3.8f1\Editor\Unity.exe
-adb2
-batchMode
-noUpm
-name
AssetImportWorker2
-projectPath
C:/Users/robin/Desktop/Git/Zombie-Runner/Zombie Runner
-logFile
Logs/AssetImportWorker2.log
-srvPort
54292
Successfully changed project path to: C:/Users/robin/Desktop/Git/Zombie-Runner/Zombie Runner
C:/Users/robin/Desktop/Git/Zombie-Runner/Zombie Runner
[UnityMemory] Configuration Parameters - Can be set up in boot.config
    "memorysetup-bucket-allocator-granularity=16"
    "memorysetup-bucket-allocator-bucket-count=8"
    "memorysetup-bucket-allocator-block-size=33554432"
    "memorysetup-bucket-allocator-block-count=8"
    "memorysetup-main-allocator-block-size=16777216"
    "memorysetup-thread-allocator-block-size=16777216"
    "memorysetup-gfx-main-allocator-block-size=16777216"
    "memorysetup-gfx-thread-allocator-block-size=16777216"
    "memorysetup-cache-allocator-block-size=4194304"
    "memorysetup-typetree-allocator-block-size=2097152"
    "memorysetup-profiler-bucket-allocator-granularity=16"
    "memorysetup-profiler-bucket-allocator-bucket-count=8"
    "memorysetup-profiler-bucket-allocator-block-size=33554432"
    "memorysetup-profiler-bucket-allocator-block-count=8"
    "memorysetup-profiler-allocator-block-size=16777216"
    "memorysetup-profiler-editor-allocator-block-size=1048576"
    "memorysetup-temp-allocator-size-main=16777216"
    "memorysetup-job-temp-allocator-block-size=2097152"
    "memorysetup-job-temp-allocator-block-size-background=1048576"
    "memorysetup-job-temp-allocator-reduction-small-platforms=262144"
    "memorysetup-temp-allocator-size-background-worker=32768"
    "memorysetup-temp-allocator-size-job-worker=262144"
    "memorysetup-temp-allocator-size-preload-manager=33554432"
    "memorysetup-temp-allocator-size-nav-mesh-worker=65536"
    "memorysetup-temp-allocator-size-audio-worker=65536"
    "memorysetup-temp-allocator-size-cloud-worker=32768"
    "memorysetup-temp-allocator-size-gi-baking-worker=262144"
    "memorysetup-temp-allocator-size-gfx=262144"
Refreshing native plugins compatible for Editor in 115.44 ms, found 3 plugins.
Preloading 0 native plugins for Editor in 0.00 ms.
Initialize engine version: 2021.3.8f1 (b30333d56e81)
[Subsystems] Discovering subsystems at path C:/Program Files/Unity/Hub/Editor/2021.3.8f1/Editor/Data/Resources/UnitySubsystems
[Subsystems] Discovering subsystems at path C:/Users/robin/Desktop/Git/Zombie-Runner/Zombie Runner/Assets
GfxDevice: creating device client; threaded=0; jobified=0
Direct3D:
    Version:  Direct3D 11.0 [level 11.1]
    Renderer: NVIDIA GeForce GTX 1060 (ID=0x1c20)
    Vendor:   NVIDIA
    VRAM:     6052 MB
    Driver:   27.21.14.5763
Initialize mono
Mono path[0] = 'C:/Program Files/Unity/Hub/Editor/2021.3.8f1/Editor/Data/Managed'
Mono path[1] = 'C:/Program Files/Unity/Hub/Editor/2021.3.8f1/Editor/Data/MonoBleedingEdge/lib/mono/unityjit-win32'
Mono config path = 'C:/Program Files/Unity/Hub/Editor/2021.3.8f1/Editor/Data/MonoBleedingEdge/etc'
Using monoOptions --debugger-agent=transport=dt_socket,embedding=1,server=y,suspend=n,address=127.0.0.1:56376
Begin MonoManager ReloadAssembly
Registering precompiled unity dll's ...
Register platform support module: C:/Program Files/Unity/Hub/Editor/2021.3.8f1/Editor/Data/PlaybackEngines/WebGLSupport/UnityEditor.WebGL.Extensions.dll
Register platform support module: C:/Program Files/Unity/Hub/Editor/2021.3.8f1/Editor/Data/PlaybackEngines/WindowsStandaloneSupport/UnityEditor.WindowsStandalone.Extensions.dll
Registered in 0.009763 seconds.
Native extension for WindowsStandalone target not found
Native extension for WebGL target not found
Refreshing native plugins compatible for Editor in 96.74 ms, found 3 plugins.
Preloading 0 native plugins for Editor in 0.00 ms.
Mono: successfully reloaded assembly
- Completed reload, in  1.025 seconds
Domain Reload Profiling:
	ReloadAssembly (1026ms)
		BeginReloadAssembly (87ms)
			ExecutionOrderSort (0ms)
			DisableScriptedObjects (0ms)
			BackupInstance (0ms)
			ReleaseScriptingObjects (0ms)
			CreateAndSetChildDomain (1ms)
		EndReloadAssembly (661ms)
			LoadAssemblies (84ms)
			RebuildTransferFunctionScriptingTraits (0ms)
			SetupTypeCache (258ms)
			ReleaseScriptCaches (0ms)
			RebuildScriptCaches (30ms)
			SetupLoadedEditorAssemblies (319ms)
				LogAssemblyErrors (0ms)
				InitializePlatformSupportModulesInManaged (10ms)
				SetLoadedEditorAssemblies (0ms)
				RefreshPlugins (97ms)
				BeforeProcessingInitializeOnLoad (1ms)
				ProcessInitializeOnLoadAttributes (149ms)
				ProcessInitializeOnLoadMethodAttributes (62ms)
				AfterProcessingInitializeOnLoad (0ms)
				EditorAssembliesLoaded (0ms)
			ExecutionOrderSort2 (0ms)
			AwakeInstancesAfterBackupRestoration (0ms)
Platform modules already initialized, skipping
Registering precompiled user dll's ...
Registered in 0.007478 seconds.
Begin MonoManager ReloadAssembly
Symbol file LoadedFromMemory doesn't match image C:\Users\robin\Desktop\Git\Zombie-Runner\Zombie Runner\Library\PackageCache\com.unity.visualscripting@1.7.8\Editor\VisualScripting.Core\Dependencies\YamlDotNet\Unity.VisualScripting.YamlDotNet.dll
Symbol file LoadedFromMemory doesn't match image C:\Users\robin\Desktop\Git\Zombie-Runner\Zombie Runner\Library\PackageCache\com.unity.visualscripting@1.7.8\Editor\VisualScripting.Core\Dependencies\DotNetZip\Unity.VisualScripting.IonicZip.dll
Native extension for WindowsStandalone target not found
Native extension for WebGL target not found
Refreshing native plugins compatible for Editor in 0.66 ms, found 3 plugins.
Preloading 0 native plugins for Editor in 0.00 ms.
Mono: successfully reloaded assembly
- Completed reload, in  1.258 seconds
Domain Reload Profiling:
	ReloadAssembly (1259ms)
		BeginReloadAssembly (118ms)
			ExecutionOrderSort (0ms)
			DisableScriptedObjects (6ms)
			BackupInstance (0ms)
			ReleaseScriptingObjects (0ms)
			CreateAndSetChildDomain (20ms)
		EndReloadAssembly (994ms)
			LoadAssemblies (97ms)
			RebuildTransferFunctionScriptingTraits (0ms)
			SetupTypeCache (301ms)
			ReleaseScriptCaches (1ms)
			RebuildScriptCaches (55ms)
			SetupLoadedEditorAssemblies (498ms)
				LogAssemblyErrors (0ms)
				InitializePlatformSupportModulesInManaged (8ms)
				SetLoadedEditorAssemblies (0ms)
				RefreshPlugins (1ms)
				BeforeProcessingInitializeOnLoad (99ms)
				ProcessInitializeOnLoadAttributes (352ms)
				ProcessInitializeOnLoadMethodAttributes (29ms)
				AfterProcessingInitializeOnLoad (9ms)
				EditorAssembliesLoaded (0ms)
			ExecutionOrderSort2 (0ms)
			AwakeInstancesAfterBackupRestoration (7ms)
Platform modules already initialized, skipping
========================================================================
Worker process is ready to serve import requests
Launched and connected shader compiler UnityShaderCompiler.exe after 0.05 seconds
Refreshing native plugins compatible for Editor in 0.59 ms, found 3 plugins.
Preloading 0 native plugins for Editor in 0.00 ms.
Unloading 3496 Unused Serialized files (Serialized files now loaded: 0)
Unloading 29 unused Assets / (465.4 KB). Loaded Objects now: 3962.
Memory consumption went from 130.7 MB to 130.2 MB.
Total: 3.663100 ms (FindLiveObjects: 0.287300 ms CreateObjectMapping: 0.192400 ms MarkObjects: 2.915400 ms  DeleteObjects: 0.267000 ms)

AssetImportParameters requested are different than current active one (requested -> active):
  custom:video-decoder-ogg-theora: a1e56fd34408186e4bbccfd4996cb3dc -> 
  custom:container-muxer-webm: aa71ff27fc2769a1b78a27578f13a17b -> 
  custom:container-demuxer-webm: 4f35f7cbe854078d1ac9338744f61a02 -> 
  custom:video-encoder-webm-vp8: eb34c28f22e8b96e1ab97ce403110664 -> 
  custom:video-codec-MediaFoundation-h265: 746d11721c4dcdbdad8f713fa42b33f4 -> 
  custom:audio-encoder-webm-vorbis: bf7c407c2cedff20999df2af8eb42d56 -> 
  custom:framework-win-MediaFoundation: 216162199b28c13a410421893ffa2e32 -> 
  custom:container-demuxer-ogg: 62fdf1f143b41e24485cea50d1cbac27 -> 
  custom:video-decoder-webm-vp8: 9c59270c3fd7afecdb556c50c9e8de78 -> 
  custom:audio-decoder-ogg-vorbis: bf7c407c2cedff20999df2af8eb42d56 -> 
========================================================================
Received Import Request.
  Time since last request: 40877.204629 seconds.
  path: Assets/Rainer_AK
  artifactKey: Guid(9219d08ef307b374e91559d1bf70cbea) Importer(815301076,1909f56bfc062723c751e8b465ee728b)
Start importing Assets/Rainer_AK using Guid(9219d08ef307b374e91559d1bf70cbea) Importer(815301076,1909f56bfc062723c751e8b465ee728b)  -> (artifact id: '4fb1265d405bbdcd64ec3f39d3b37f64') in 0.016912 seconds 
========================================================================
Received Import Request.
  Time since last request: 0.931146 seconds.
  path: Assets/Rainer_AK/Resources
  artifactKey: Guid(44069bbe5ba3e224284dc6e4e7d0b8b7) Importer(815301076,1909f56bfc062723c751e8b465ee728b)
Start importing Assets/Rainer_AK/Resources using Guid(44069bbe5ba3e224284dc6e4e7d0b8b7) Importer(815301076,1909f56bfc062723c751e8b465ee728b)  -> (artifact id: '3705ba4c3fab4367e05a6994f9476e82') in 0.012075 seconds 
========================================================================
Received Import Request.
  Time since last request: 8.734221 seconds.
  path: Assets/Rainer_AK/Resources/Models
  artifactKey: Guid(9892a36e8fd667f4fa083afd8b3fe403) Importer(815301076,1909f56bfc062723c751e8b465ee728b)
Start importing Assets/Rainer_AK/Resources/Models using Guid(9892a36e8fd667f4fa083afd8b3fe403) Importer(815301076,1909f56bfc062723c751e8b465ee728b)  -> (artifact id: '2694bd09219cdd4b073b765e53cccf03') in 0.008803 seconds 
========================================================================
Received Import Request.
  Time since last request: 0.045463 seconds.
  path: Assets/Rainer_AK/Resources/Models/rainer_ak_Unity.fbx
  artifactKey: Guid(7d7fa78d67452d04d83bb20a5f8946b8) Importer(815301076,1909f56bfc062723c751e8b465ee728b)
Start importing Assets/Rainer_AK/Resources/Models/rainer_ak_Unity.fbx using Guid(7d7fa78d67452d04d83bb20a5f8946b8) Importer(815301076,1909f56bfc062723c751e8b465ee728b)  -> (artifact id: '288af9d881232d4ef5c48c1995a50889') in 0.357834 seconds 
========================================================================
Received Import Request.
  Time since last request: 5.288914 seconds.
  path: Assets/Rainer_AK/Resources/Textures
  artifactKey: Guid(e2f7885afd771044c882ed28dbc8c2dc) Importer(815301076,1909f56bfc062723c751e8b465ee728b)
Start importing Assets/Rainer_AK/Resources/Textures using Guid(e2f7885afd771044c882ed28dbc8c2dc) Importer(815301076,1909f56bfc062723c751e8b465ee728b)  -> (artifact id: 'b289a0e53a9661cb7a2193384bd22548') in 0.009158 seconds 
========================================================================
Received Import Request.
  Time since last request: 0.039384 seconds.
  path: Assets/Rainer_AK/Resources/Textures/Flare1.png
  artifactKey: Guid(dc0318c5b311dac439869075c24c552a) Importer(815301076,1909f56bfc062723c751e8b465ee728b)
Start importing Assets/Rainer_AK/Resources/Textures/Flare1.png using Guid(dc0318c5b311dac439869075c24c552a) Importer(815301076,1909f56bfc062723c751e8b465ee728b)  -> (artifact id: '696cb3be249322ed9bc778e4257fcb3f') in 0.080512 seconds 
========================================================================
Received Import Request.
  Time since last request: 0.000028 seconds.
  path: Assets/Rainer_AK/Resources/Textures/RAINIER AK _ Low3_front_AO.png
  artifactKey: Guid(a6bd0ff0aeff22f4d84f503eed661f43) Importer(815301076,1909f56bfc062723c751e8b465ee728b)
Start importing Assets/Rainer_AK/Resources/Textures/RAINIER AK _ Low3_front_AO.png using Guid(a6bd0ff0aeff22f4d84f503eed661f43) Importer(815301076,1909f56bfc062723c751e8b465ee728b)  -> (artifact id: '045aef83a06fd01bf00e879443bdf6e5') in 0.037798 seconds 
========================================================================
Received Import Request.
  Time since last request: 0.000033 seconds.
  path: Assets/Rainer_AK/Resources/Textures/parkinglot_2k.hdr
  artifactKey: Guid(8fdc9f18cdcd62c4eaf0da1780b84103) Importer(815301076,1909f56bfc062723c751e8b465ee728b)
Start importing Assets/Rainer_AK/Resources/Textures/parkinglot_2k.hdr using Guid(8fdc9f18cdcd62c4eaf0da1780b84103) Importer(815301076,1909f56bfc062723c751e8b465ee728b)  -> (artifact id: '97c55500f4bbfbe00c2b32613aa4b5a5') in 0.089967 seconds 
========================================================================
Received Import Request.
  Time since last request: 0.000148 seconds.
  path: Assets/Rainer_AK/Resources/Textures/RAINIER AK _ Low3_handle_Emission.png
  artifactKey: Guid(0c0a072fe471411489c02a7c53d7bb56) Importer(815301076,1909f56bfc062723c751e8b465ee728b)
Start importing Assets/Rainer_AK/Resources/Textures/RAINIER AK _ Low3_handle_Emission.png using Guid(0c0a072fe471411489c02a7c53d7bb56) Importer(815301076,1909f56bfc062723c751e8b465ee728b)  -> (artifact id: '2e92fb39e2abae47f4d637ff8ffece13') in 0.042595 seconds 
========================================================================
Received Import Request.
  Time since last request: 0.000044 seconds.
  path: Assets/Rainer_AK/Resources/Textures/RAINIER AK _ Low3_front_Emission.png
  artifactKey: Guid(b1bfb0cd3ab7729499b7a42581201809) Importer(815301076,1909f56bfc062723c751e8b465ee728b)
Start importing Assets/Rainer_AK/Resources/Textures/RAINIER AK _ Low3_front_Emission.png using Guid(b1bfb0cd3ab7729499b7a42581201809) Importer(815301076,1909f56bfc062723c751e8b465ee728b)  -> (artifact id: 'adf1d8ae396ce45339ea3aee163756fe') in 0.036903 seconds 
========================================================================
Received Import Request.
  Time since last request: 0.000050 seconds.
  path: Assets/Rainer_AK/Resources/Textures/RAINIER AK _ Low3_detail_AlbedoTransparency.png
  artifactKey: Guid(5e9bffad5e3d2264082bc786f765b12c) Importer(815301076,1909f56bfc062723c751e8b465ee728b)
Start importing Assets/Rainer_AK/Resources/Textures/RAINIER AK _ Low3_detail_AlbedoTransparency.png using Guid(5e9bffad5e3d2264082bc786f765b12c) Importer(815301076,1909f56bfc062723c751e8b465ee728b)  -> (artifact id: 'a8c0087220dfba04abc5add8827276ea') in 0.037272 seconds 
========================================================================
Received Import Request.
  Time since last request: 0.000088 seconds.
  path: Assets/Rainer_AK/Resources/Textures/RAINIER AK _ Low3_aim_Emission.png
  artifactKey: Guid(f09ee096fbd93fb439446046a7e2a86e) Importer(815301076,1909f56bfc062723c751e8b465ee728b)
Start importing Assets/Rainer_AK/Resources/Textures/RAINIER AK _ Low3_aim_Emission.png using Guid(f09ee096fbd93fb439446046a7e2a86e) Importer(815301076,1909f56bfc062723c751e8b465ee728b)  -> (artifact id: '86cfcea0598be8abc6775191bef03fa0') in 0.032638 seconds 
========================================================================
Received Import Request.
  Time since last request: 0.000032 seconds.
  path: Assets/Rainer_AK/Resources/Textures/RAINIER AK _ Low3_feather_AO.png
  artifactKey: Guid(d7822462cd61aea44ad69cccf55033b1) Importer(815301076,1909f56bfc062723c751e8b465ee728b)
Start importing Assets/Rainer_AK/Resources/Textures/RAINIER AK _ Low3_feather_AO.png using Guid(d7822462cd61aea44ad69cccf55033b1) Importer(815301076,1909f56bfc062723c751e8b465ee728b)  -> (artifact id: '58d87b08d3b18b0fde49572d4680fd89') in 0.034372 seconds 
========================================================================
Received Import Request.
  Time since last request: 0.000030 seconds.
  path: Assets/Rainer_AK/Resources/Textures/RAINIER AK _ Low3_handle_AlbedoTransparency.png
  artifactKey: Guid(a6af7843b289db549ba0ae5fd4cb6c8b) Importer(815301076,1909f56bfc062723c751e8b465ee728b)
Start importing Assets/Rainer_AK/Resources/Textures/RAINIER AK _ Low3_handle_AlbedoTransparency.png using Guid(a6af7843b289db549ba0ae5fd4cb6c8b) Importer(815301076,1909f56bfc062723c751e8b465ee728b)  -> (artifact id: 'b11c84a78e26ccb5a82d9c8129b1386d') in 0.034201 seconds 
========================================================================
Received Import Request.
  Time since last request: 0.000043 seconds.
  path: Assets/Rainer_AK/Resources/Textures/RAINIER AK _ Low3_aim_AO.png
  artifactKey: Guid(9e2dab86c3df0684783187c491ad97b9) Importer(815301076,1909f56bfc062723c751e8b465ee728b)
Start importing Assets/Rainer_AK/Resources/Textures/RAINIER AK _ Low3_aim_AO.png using Guid(9e2dab86c3df0684783187c491ad97b9) Importer(815301076,1909f56bfc062723c751e8b465ee728b)  -> (artifact id: '3c7c67af9304aaf88b0b94db99a10e46') in 0.043212 seconds 
========================================================================
Received Import Request.
  Time since last request: 0.000099 seconds.
  path: Assets/Rainer_AK/Resources/Textures/RAINIER AK _ Low3_aim_MetallicSmoothness.png
  artifactKey: Guid(982fd7b15366cd94cb08ec2c1498628f) Importer(815301076,1909f56bfc062723c751e8b465ee728b)
Start importing Assets/Rainer_AK/Resources/Textures/RAINIER AK _ Low3_aim_MetallicSmoothness.png using Guid(982fd7b15366cd94cb08ec2c1498628f) Importer(815301076,1909f56bfc062723c751e8b465ee728b)  -> (artifact id: '9fe2075eb414f4fea1c9f785e445ac6c') in 0.033446 seconds 
========================================================================
Received Import Request.
  Time since last request: 0.299515 seconds.
  path: Assets/Rainer_AK/Resources/Textures/RAINIER AK _ Low3_Midle_parts_MetallicSmoothness.png
  artifactKey: Guid(0674975fb17c91d4aaecb4176cd26400) Importer(815301076,1909f56bfc062723c751e8b465ee728b)
Start importing Assets/Rainer_AK/Resources/Textures/RAINIER AK _ Low3_Midle_parts_MetallicSmoothness.png using Guid(0674975fb17c91d4aaecb4176cd26400) Importer(815301076,1909f56bfc062723c751e8b465ee728b)  -> (artifact id: 'a80e1cbe35773504febb3498a4ccc105') in 0.039348 seconds 
========================================================================
Received Import Request.
  Time since last request: 0.000025 seconds.
  path: Assets/Rainer_AK/Resources/Textures/RAINIER AK _ Low3_wires_AO.png
  artifactKey: Guid(c41f85724af72a34dbcaa8ba56fe3ec4) Importer(815301076,1909f56bfc062723c751e8b465ee728b)
Start importing Assets/Rainer_AK/Resources/Textures/RAINIER AK _ Low3_wires_AO.png using Guid(c41f85724af72a34dbcaa8ba56fe3ec4) Importer(815301076,1909f56bfc062723c751e8b465ee728b)  -> (artifact id: '4921aac6e3dfafb61b3e58572b688127') in 0.024723 seconds 
========================================================================
Received Import Request.
  Time since last request: 0.029427 seconds.
  path: Assets/Rainer_AK/Resources/Textures/RAINIER AK _ Low3_wires_MetallicSmoothness.png
  artifactKey: Guid(7e1c43d447e78e64fa2d2c6e871cf227) Importer(815301076,1909f56bfc062723c751e8b465ee728b)
Start importing Assets/Rainer_AK/Resources/Textures/RAINIER AK _ Low3_wires_MetallicSmoothness.png using Guid(7e1c43d447e78e64fa2d2c6e871cf227) Importer(815301076,1909f56bfc062723c751e8b465ee728b)  -> (artifact id: '2609abdb967e9090f3a6e2a68308b079') in 0.035677 seconds 
========================================================================
Received Import Request.
  Time since last request: 0.000035 seconds.
  path: Assets/Rainer_AK/Resources/Textures/RAINIER AK _ Low3_wood_parts_Normal.png
  artifactKey: Guid(89b9fe6f0093fa34a85a7030688d889e) Importer(815301076,1909f56bfc062723c751e8b465ee728b)
Start importing Assets/Rainer_AK/Resources/Textures/RAINIER AK _ Low3_wood_parts_Normal.png using Guid(89b9fe6f0093fa34a85a7030688d889e) Importer(815301076,1909f56bfc062723c751e8b465ee728b)  -> (artifact id: 'e6e7c90f2eade9453c1d25cf4d2913e4') in 0.046175 seconds 
Editor requested this worker to shutdown with reason: Scaling down because of idle timeout
AssetImportWorker is now disconnected from the server
Process exiting
Exiting without the bug reporter. Application will terminate with return code 0